<?xml version="1.0" encoding="UTF-8"?>
<testng-results skipped="0" failed="1" ignored="0" total="3" passed="2">
  <reporter-output>
    <line>
      <![CDATA[Instagram Title is matching]]>
    </line>
    <line>
      <![CDATA[Twitter Title is matching]]>
    </line>
    <line>
      <![CDATA[Linkedin Title is not matching]]>
    </line>
  </reporter-output>
  <suite name="Suite" duration-ms="47250" started-at="2020-12-26T05:27:34Z" finished-at="2020-12-26T05:28:21Z">
    <groups>
    </groups>
    <test name="Test" duration-ms="47250" started-at="2020-12-26T05:27:34Z" finished-at="2020-12-26T05:28:21Z">
      <class name="testscripts.TestInstagram">
        <test-method status="PASS" signature="launchBrowser()[pri:0, instance:testscripts.TestInstagram@464bee09]" name="launchBrowser" is-config="true" duration-ms="2792" started-at="2020-12-26T05:27:34Z" finished-at="2020-12-26T05:27:37Z">
          <reporter-output>
          </reporter-output>
        </test-method> <!-- launchBrowser -->
        <test-method status="PASS" signature="instagram()[pri:0, instance:testscripts.TestInstagram@464bee09]" name="instagram" duration-ms="2431" started-at="2020-12-26T05:27:37Z" finished-at="2020-12-26T05:27:39Z">
          <reporter-output>
            <line>
              <![CDATA[Instagram Title is matching]]>
            </line>
          </reporter-output>
        </test-method> <!-- instagram -->
        <test-method status="PASS" signature="tearDown()[pri:0, instance:testscripts.TestInstagram@464bee09]" name="tearDown" is-config="true" duration-ms="478" started-at="2020-12-26T05:27:39Z" finished-at="2020-12-26T05:27:40Z">
          <reporter-output>
          </reporter-output>
        </test-method> <!-- tearDown -->
      </class> <!-- testscripts.TestInstagram -->
      <class name="testscripts.TestTwitter">
        <test-method status="PASS" signature="launchBrowser()[pri:0, instance:testscripts.TestTwitter@f6c48ac]" name="launchBrowser" is-config="true" duration-ms="2241" started-at="2020-12-26T05:27:40Z" finished-at="2020-12-26T05:27:42Z">
          <reporter-output>
          </reporter-output>
        </test-method> <!-- launchBrowser -->
        <test-method status="PASS" signature="twitter()[pri:0, instance:testscripts.TestTwitter@f6c48ac]" name="twitter" duration-ms="3932" started-at="2020-12-26T05:27:42Z" finished-at="2020-12-26T05:27:46Z">
          <reporter-output>
            <line>
              <![CDATA[Twitter Title is matching]]>
            </line>
          </reporter-output>
        </test-method> <!-- twitter -->
        <test-method status="PASS" signature="tearDown()[pri:0, instance:testscripts.TestTwitter@f6c48ac]" name="tearDown" is-config="true" duration-ms="803" started-at="2020-12-26T05:27:46Z" finished-at="2020-12-26T05:27:47Z">
          <reporter-output>
          </reporter-output>
        </test-method> <!-- tearDown -->
      </class> <!-- testscripts.TestTwitter -->
      <class name="testscripts.TestLinkedin">
        <test-method status="PASS" signature="launchBrowser()[pri:0, instance:testscripts.TestLinkedin@13deb50e]" name="launchBrowser" is-config="true" duration-ms="2206" started-at="2020-12-26T05:27:47Z" finished-at="2020-12-26T05:27:49Z">
          <reporter-output>
          </reporter-output>
        </test-method> <!-- launchBrowser -->
        <test-method status="FAIL" signature="linkedin()[pri:0, instance:testscripts.TestLinkedin@13deb50e]" name="linkedin" duration-ms="31764" started-at="2020-12-26T05:27:49Z" finished-at="2020-12-26T05:28:21Z">
          <exception class="java.lang.AssertionError">
            <full-stacktrace>
              <![CDATA[java.lang.AssertionError: 
at org.testng.AssertJUnit.fail(AssertJUnit.java:59)
at org.testng.AssertJUnit.fail(AssertJUnit.java:66)
at testscripts.TestLinkedin.linkedin(TestLinkedin.java:33)
at sun.reflect.NativeMethodAccessorImpl.invoke0(Native Method)
at sun.reflect.NativeMethodAccessorImpl.invoke(NativeMethodAccessorImpl.java:62)
at sun.reflect.DelegatingMethodAccessorImpl.invoke(DelegatingMethodAccessorImpl.java:43)
at java.lang.reflect.Method.invoke(Method.java:498)
at org.testng.internal.MethodInvocationHelper.invokeMethod(MethodInvocationHelper.java:124)
at org.testng.internal.Invoker.invokeMethod(Invoker.java:583)
at org.testng.internal.Invoker.invokeTestMethod(Invoker.java:719)
at org.testng.internal.Invoker.invokeTestMethods(Invoker.java:989)
at org.testng.internal.TestMethodWorker.invokeTestMethods(TestMethodWorker.java:125)
at org.testng.internal.TestMethodWorker.run(TestMethodWorker.java:109)
at org.testng.TestRunner.privateRun(TestRunner.java:648)
at org.testng.TestRunner.run(TestRunner.java:505)
at org.testng.SuiteRunner.runTest(SuiteRunner.java:455)
at org.testng.SuiteRunner.runSequentially(SuiteRunner.java:450)
at org.testng.SuiteRunner.privateRun(SuiteRunner.java:415)
at org.testng.SuiteRunner.run(SuiteRunner.java:364)
at org.testng.SuiteRunnerWorker.runSuite(SuiteRunnerWorker.java:52)
at org.testng.SuiteRunnerWorker.run(SuiteRunnerWorker.java:84)
at org.testng.TestNG.runSuitesSequentially(TestNG.java:1208)
at org.testng.TestNG.runSuitesLocally(TestNG.java:1137)
at org.testng.TestNG.runSuites(TestNG.java:1049)
at org.testng.TestNG.run(TestNG.java:1017)
at org.testng.remote.AbstractRemoteTestNG.run(AbstractRemoteTestNG.java:132)
at org.testng.remote.RemoteTestNG.initAndRun(RemoteTestNG.java:230)
at org.testng.remote.RemoteTestNG.main(RemoteTestNG.java:76)
]]>
            </full-stacktrace>
          </exception> <!-- java.lang.AssertionError -->
          <reporter-output>
            <line>
              <![CDATA[Linkedin Title is not matching]]>
            </line>
          </reporter-output>
        </test-method> <!-- linkedin -->
        <test-method status="PASS" signature="tearDown()[pri:0, instance:testscripts.TestLinkedin@13deb50e]" name="tearDown" is-config="true" duration-ms="572" started-at="2020-12-26T05:28:21Z" finished-at="2020-12-26T05:28:21Z">
          <reporter-output>
          </reporter-output>
        </test-method> <!-- tearDown -->
      </class> <!-- testscripts.TestLinkedin -->
    </test> <!-- Test -->
  </suite> <!-- Suite -->
</testng-results>
